
> frontend@0.0.0 dev
> vite --host 127.0.0.1 --port 5173


  VITE v8.0.16  ready in 197 ms

  ➜  Local:   http://127.0.0.1:5173/
10:59:12 pm [vite] (client) hmr update /src/index.css, /src/components/LoadingSpinner.jsx
10:59:12 pm [vite] (client) hmr update /src/index.css
10:59:12 pm [vite] (client) hmr update /src/index.css, /src/components/StatusBadge.jsx
10:59:12 pm [vite] (client) hmr update /src/index.css, /src/components/StatusBadge.jsx
10:59:26 pm [vite] (client) hmr update /src/components/Layout.jsx, /src/index.css
10:59:43 pm [vite] (client) hmr update /src/index.css, /src/components/DocumentUploadGrid.jsx
11:00:31 pm [vite] (client) hmr update /src/pages/Dashboard.jsx, /src/index.css
11:01:44 pm [vite] (client) hmr update /src/pages/Verify.jsx, /src/index.css
11:01:44 pm [vite] (client) hmr update /src/pages/Register.jsx, /src/index.css
11:03:05 pm [vite] (client) hmr update /src/pages/Results.jsx, /src/index.css
11:03:40 pm [vite] (client) hmr update /src/pages/AuditLog.jsx, /src/index.css
11:04:01 pm [vite] (client) hmr update /src/index.css, /src/pages/Verify.jsx, /src/pages/Register.jsx, /src/components/DocumentUploadGrid.jsx
12:28:52 am [vite] (client) hmr update /src/index.css, /src/pages/Verify.jsx, /src/pages/AuditLog.jsx, /src/pages/Register.jsx
12:29:17 am [vite] (client) hmr update /src/pages/Dashboard.jsx, /src/index.css
12:30:00 am [vite] (client) hmr update /src/pages/Results.jsx, /src/index.css
12:30:31 am [vite] (client) hmr update /src/pages/Results.jsx, /src/index.css
12:30:48 am [vite] (client) hmr update /src/pages/Results.jsx, /src/index.css
